[QUIET] - CBNG configuration:
[QUIET] - -------------------
[QUIET] - CBNG Version:       2.1.1
[QUIET] - CBNG Core Version:  1.13.2
[QUIET] - Artifactory URL:    http://artifactory.cern.ch
[QUIET] - gradleConfigDir:    C:\Users\acalia\Programs\CBNG-PRO/cbng-config
[QUIET] - gradle Version:     3.5
[QUIET] - -------------------
[QUIET] - User of execution:  acalia
[QUIET] - Working directory:  C:\Users\acalia\github\jmad-modelpack-fx
[QUIET] - Project directory:  C:\Users\acalia\jmad-sync\jmad
[QUIET] - Host of execution:  pcbe13601
[QUIET] - Start of execution: Fri May 25 18:01:19 CEST 2018
[QUIET] - Build ID:           180525-160057@349780@pcbe13601@2BBA27A8
[QUIET] - Project build ID:   180525-160057@349780@pcbe13601@C0D9368E
[QUIET] - -------------------
[QUIET] - Applying second product support
[QUIET] - CBNG project (product.xml)

CONFIGURE SUCCESSFUL

Total time: 37.316 secs
[QUIET] - Resolved org.slf4j:slf4j-log4j12:1.7.25 -> [log4j:log4j:1.2.17, org.slf4j:slf4j-api:1.7.25]
[QUIET] - Resolved log4j:log4j:1.2.17 -> []
[QUIET] - Resolved cern.dm:jdataviewer:1.8.3 -> []
[QUIET] - Resolved org.beanshell:beanshell:2.1.8 -> []
[QUIET] - Resolved cern.accsoft.gui:accsoft-gui-frame:4.2.11 -> [cern.accsoft.commons:accsoft-commons-core:3.3.3, cern.accsoft.commons:accsoft-commons-util:3.4.10, org.slf4j:slf4j-api:1.7.25, org.swinglabs:swingx:0.9.3]
[QUIET] - Resolved cern.accsoft.steering:accsoft-steering-commons:0.1.4 -> [gov.nist.math.jama:jama:1.0.2, log4j:log4j:1.2.17]
[QUIET] - Resolved org.springframework:spring-test:4.3.13.RELEASE -> [org.springframework:spring-core:5.0.6.RELEASE, org.springframework:spring-jcl:5.0.6.RELEASE]
[QUIET] - Resolved junit:junit:4.12 -> [org.hamcrest:hamcrest-core:1.3]
[QUIET] - Resolved org.assertj:assertj-core:3.8.0 -> []
[QUIET] - Resolved jmad:jmad-modelpack-fx:unspecified -> [com.fasterxml:classmate:1.3.4, com.fasterxml.jackson.core:jackson-annotations:2.9.0, com.fasterxml.jackson.core:jackson-core:2.9.5, com.fasterxml.jackson.core:jackson-databind:2.9.5, com.fasterxml.jackson.datatype:jackson-datatype-jdk8:2.9.5, com.fasterxml.jackson.datatype:jackson-datatype-jsr310:2.9.5, com.fasterxml.jackson.module:jackson-module-parameter-names:2.9.5, com.github.shadskii:reactorfx:1.8.0, com.google.code.findbugs:jsr305:1.3.9, com.google.code.gson:gson:2.8.4, com.google.errorprone:error_prone_annotations:2.1.3, com.google.guava:guava:25.0-jre, com.google.j2objc:j2objc-annotations:1.1, com.thoughtworks.xstream:xstream:1.4.10, commons-beanutils:commons-beanutils:1.9.3, commons-collections:commons-collections:3.2.2, commons-logging:commons-logging:1.2, gov.nist.math:jama:1.0.3, io.netty:netty-buffer:4.1.24.Final, io.netty:netty-codec:4.1.24.Final, io.netty:netty-codec-http:4.1.24.Final, io.netty:netty-codec-socks:4.1.24.Final, io.netty:netty-common:4.1.24.Final, io.netty:netty-handler:4.1.24.Final, io.netty:netty-handler-proxy:4.1.24.Final, io.netty:netty-resolver:4.1.24.Final, io.netty:netty-transport:4.1.24.Final, io.netty:netty-transport-native-epoll:4.1.24.Final, io.netty:netty-transport-native-unix-common:4.1.24.Final, io.projectreactor:reactor-core:3.1.7.RELEASE, io.projectreactor:reactor-core:3.1.7.RELEASE, io.projectreactor:reactor-test:3.1.7.RELEASE, io.projectreactor.ipc:reactor-netty:0.7.7.RELEASE, io.projectreactor.ipc:reactor-netty:0.7.7.RELEASE, javax.annotation:javax.annotation-api:1.3.2, javax.validation:validation-api:2.0.1.Final, jmad:jmad-core:unspecified, jmad:jmad-modelpack-service:unspecified, org.apache.commons:commons-compress:1.16.1, org.checkerframework:checker-compat-qual:2.0.0, org.codehaus.mojo:animal-sniffer-annotations:1.14, org.controlsfx:controlsfx:8.40.14, org.hibernate.validator:hibernate-validator:6.0.9.Final, org.jboss.logging:jboss-logging:3.3.2.Final, org.objenesis:objenesis:2.6, org.reactivestreams:reactive-streams:1.0.2, org.slf4j:slf4j-api:1.7.25, org.slf4j:slf4j-api:1.7.25, org.springframework:spring-aop:5.0.6.RELEASE, org.springframework:spring-aop:5.0.6.RELEASE, org.springframework:spring-beans:5.0.6.RELEASE, org.springframework:spring-beans:5.0.6.RELEASE, org.springframework:spring-context:5.0.6.RELEASE, org.springframework:spring-context:5.0.6.RELEASE, org.springframework:spring-core:5.0.6.RELEASE, org.springframework:spring-core:5.0.6.RELEASE, org.springframework:spring-expression:5.0.6.RELEASE, org.springframework:spring-expression:5.0.6.RELEASE, org.springframework:spring-jcl:5.0.6.RELEASE, org.springframework:spring-web:5.0.6.RELEASE, org.springframework:spring-webflux:5.0.6.RELEASE, org.springframework:spring-webflux:5.0.6.RELEASE, org.springframework.boot:spring-boot:2.0.1.RELEASE, org.springframework.boot:spring-boot-autoconfigure:2.0.1.RELEASE, org.springframework.boot:spring-boot-starter:2.0.1.RELEASE, org.springframework.boot:spring-boot-starter-json:2.0.1.RELEASE, org.springframework.boot:spring-boot-starter-reactor-netty:2.0.1.RELEASE, org.springframework.boot:spring-boot-starter-webflux:2.0.1.RELEASE, org.synchronoss.cloud:nio-multipart-parser:1.1.0, org.synchronoss.cloud:nio-stream-storage:1.1.3, org.yaml:snakeyaml:1.19, xmlpull:xmlpull:1.1.3.1, xpp3:xpp3_min:1.1.4c]
[QUIET] - Resolved jmad:jmad-modelpack-service:unspecified -> [com.fasterxml:classmate:1.3.4, com.fasterxml.jackson.core:jackson-annotations:2.9.0, com.fasterxml.jackson.core:jackson-core:2.9.5, com.fasterxml.jackson.core:jackson-databind:2.9.5, com.fasterxml.jackson.datatype:jackson-datatype-jdk8:2.9.5, com.fasterxml.jackson.datatype:jackson-datatype-jsr310:2.9.5, com.fasterxml.jackson.module:jackson-module-parameter-names:2.9.5, com.google.code.findbugs:jsr305:1.3.9, com.google.code.gson:gson:2.8.4, com.google.errorprone:error_prone_annotations:2.1.3, com.google.guava:guava:25.0-jre, com.google.j2objc:j2objc-annotations:1.1, com.thoughtworks.xstream:xstream:1.4.10, commons-beanutils:commons-beanutils:1.9.3, commons-collections:commons-collections:3.2.2, commons-logging:commons-logging:1.2, gov.nist.math:jama:1.0.3, io.netty:netty-buffer:4.1.24.Final, io.netty:netty-codec:4.1.24.Final, io.netty:netty-codec-http:4.1.24.Final, io.netty:netty-codec-socks:4.1.24.Final, io.netty:netty-common:4.1.24.Final, io.netty:netty-handler:4.1.24.Final, io.netty:netty-handler-proxy:4.1.24.Final, io.netty:netty-resolver:4.1.24.Final, io.netty:netty-transport:4.1.24.Final, io.netty:netty-transport-native-epoll:4.1.24.Final, io.netty:netty-transport-native-unix-common:4.1.24.Final, io.projectreactor:reactor-core:3.1.7.RELEASE, io.projectreactor:reactor-core:3.1.7.RELEASE, io.projectreactor:reactor-test:3.1.7.RELEASE, io.projectreactor.ipc:reactor-netty:0.7.7.RELEASE, io.projectreactor.ipc:reactor-netty:0.7.7.RELEASE, javax.annotation:javax.annotation-api:1.3.2, javax.validation:validation-api:2.0.1.Final, jmad:jmad-core:unspecified, org.apache.commons:commons-compress:1.16.1, org.checkerframework:checker-compat-qual:2.0.0, org.codehaus.mojo:animal-sniffer-annotations:1.14, org.hibernate.validator:hibernate-validator:6.0.9.Final, org.jboss.logging:jboss-logging:3.3.2.Final, org.objenesis:objenesis:2.6, org.reactivestreams:reactive-streams:1.0.2, org.slf4j:slf4j-api:1.7.25, org.slf4j:slf4j-api:1.7.25, org.springframework:spring-aop:5.0.6.RELEASE, org.springframework:spring-aop:5.0.6.RELEASE, org.springframework:spring-beans:5.0.6.RELEASE, org.springframework:spring-beans:5.0.6.RELEASE, org.springframework:spring-context:5.0.6.RELEASE, org.springframework:spring-context:5.0.6.RELEASE, org.springframework:spring-core:5.0.6.RELEASE, org.springframework:spring-core:5.0.6.RELEASE, org.springframework:spring-expression:5.0.6.RELEASE, org.springframework:spring-expression:5.0.6.RELEASE, org.springframework:spring-jcl:5.0.6.RELEASE, org.springframework:spring-web:5.0.6.RELEASE, org.springframework:spring-webflux:5.0.6.RELEASE, org.springframework:spring-webflux:5.0.6.RELEASE, org.springframework.boot:spring-boot:2.0.1.RELEASE, org.springframework.boot:spring-boot-autoconfigure:2.0.1.RELEASE, org.springframework.boot:spring-boot-starter:2.0.1.RELEASE, org.springframework.boot:spring-boot-starter-json:2.0.1.RELEASE, org.springframework.boot:spring-boot-starter-reactor-netty:2.0.1.RELEASE, org.springframework.boot:spring-boot-starter-webflux:2.0.1.RELEASE, org.synchronoss.cloud:nio-multipart-parser:1.1.0, org.synchronoss.cloud:nio-stream-storage:1.1.3, org.yaml:snakeyaml:1.19, xmlpull:xmlpull:1.1.3.1, xpp3:xpp3_min:1.1.4c]
[QUIET] - Resolved org.springframework:spring-core:5.0.6.RELEASE -> [org.springframework:spring-jcl:5.0.6.RELEASE]
[QUIET] - Resolved org.springframework:spring-context:5.0.6.RELEASE -> [org.springframework:spring-aop:5.0.6.RELEASE, org.springframework:spring-beans:5.0.6.RELEASE, org.springframework:spring-core:5.0.6.RELEASE, org.springframework:spring-expression:5.0.6.RELEASE, org.springframework:spring-jcl:5.0.6.RELEASE]
[QUIET] - Resolved org.springframework:spring-beans:5.0.6.RELEASE -> [org.springframework:spring-core:5.0.6.RELEASE, org.springframework:spring-jcl:5.0.6.RELEASE]
[QUIET] - Resolved org.springframework:spring-aop:5.0.6.RELEASE -> [org.springframework:spring-beans:5.0.6.RELEASE, org.springframework:spring-core:5.0.6.RELEASE, org.springframework:spring-jcl:5.0.6.RELEASE]
[QUIET] - Resolved org.springframework:spring-expression:5.0.6.RELEASE -> [org.springframework:spring-core:5.0.6.RELEASE, org.springframework:spring-jcl:5.0.6.RELEASE]


BUILD SUCCESSFUL

